{"/app/src/components/CalculatorCard.tsx": {"path":"/app/src/components/CalculatorCard.tsx","statementMap":{"0":{"start":{"line":2,"column":0},"end":{"line":2,"column":53}},"1":{"start":{"line":4,"column":0},"end":{"line":4,"column":69}},"2":{"start":{"line":5,"column":0},"end":{"line":5,"column":35}},"3":{"start":{"line":6,"column":0},"end":{"line":6,"column":37}},"4":{"start":{"line":7,"column":0},"end":{"line":7,"column":74}},"5":{"start":{"line":8,"column":0},"end":{"line":8,"column":57}},"6":{"start":{"line":9,"column":0},"end":{"line":9,"column":54}},"7":{"start":{"line":18,"column":30},"end":{"line":180,"column":1}},"8":{"start":{"line":19,"column":38},"end":{"line":19,"column":50}},"9":{"start":{"line":20,"column":36},"end":{"line":20,"column":93}},"10":{"start":{"line":21,"column":36},"end":{"line":21,"column":48}},"11":{"start":{"line":22,"column":56},"end":{"line":22,"column":71}},"12":{"start":{"line":23,"column":52},"end":{"line":23,"column":138}},"13":{"start":{"line":25,"column":2},"end":{"line":34,"column":16}},"14":{"start":{"line":26,"column":4},"end":{"line":26,"column":22}},"15":{"start":{"line":27,"column":4},"end":{"line":27,"column":21}},"16":{"start":{"line":28,"column":4},"end":{"line":28,"column":31}},"17":{"start":{"line":29,"column":4},"end":{"line":33,"column":5}},"18":{"start":{"line":30,"column":6},"end":{"line":30,"column":67}},"19":{"start":{"line":32,"column":6},"end":{"line":32,"column":39}},"20":{"start":{"line":36,"column":27},"end":{"line":41,"column":3}},"21":{"start":{"line":37,"column":4},"end":{"line":37,"column":27}},"22":{"start":{"line":38,"column":4},"end":{"line":38,"column":48}},"23":{"start":{"line":39,"column":4},"end":{"line":39,"column":127}},"24":{"start":{"line":40,"column":4},"end":{"line":40,"column":34}},"25":{"start":{"line":43,"column":32},"end":{"line":46,"column":3}},"26":{"start":{"line":44,"column":4},"end":{"line":44,"column":33}},"27":{"start":{"line":45,"column":4},"end":{"line":45,"column":31}},"28":{"start":{"line":48,"column":56},"end":{"line":69,"column":78}},"29":{"start":{"line":49,"column":17},"end":{"line":49,"column":44}},"30":{"start":{"line":50,"column":14},"end":{"line":50,"column":15}},"31":{"start":{"line":52,"column":4},"end":{"line":58,"column":5}},"32":{"start":{"line":53,"column":6},"end":{"line":53,"column":35}},"33":{"start":{"line":54,"column":11},"end":{"line":58,"column":5}},"34":{"start":{"line":55,"column":6},"end":{"line":55,"column":56}},"35":{"start":{"line":56,"column":11},"end":{"line":58,"column":5}},"36":{"start":{"line":57,"column":6},"end":{"line":57,"column":37}},"37":{"start":{"line":60,"column":18},"end":{"line":60,"column":28}},"38":{"start":{"line":61,"column":17},"end":{"line":61,"column":74}},"39":{"start":{"line":62,"column":27},"end":{"line":62,"column":39}},"40":{"start":{"line":64,"column":4},"end":{"line":68,"column":6}},"41":{"start":{"line":71,"column":29},"end":{"line":73,"column":20}},"42":{"start":{"line":72,"column":4},"end":{"line":72,"column":81}},"43":{"start":{"line":72,"column":41},"end":{"line":72,"column":64}},"44":{"start":{"line":75,"column":25},"end":{"line":81,"column":3}},"45":{"start":{"line":76,"column":4},"end":{"line":80,"column":59}},"46":{"start":{"line":83,"column":2},"end":{"line":179,"column":4}},"47":{"start":{"line":101,"column":33},"end":{"line":101,"column":62}},"48":{"start":{"line":112,"column":18},"end":{"line":112,"column":36}},"49":{"start":{"line":112,"column":105},"end":{"line":112,"column":122}},"50":{"start":{"line":117,"column":126},"end":{"line":117,"column":150}},"51":{"start":{"line":121,"column":98},"end":{"line":121,"column":120}},"52":{"start":{"line":140,"column":79},"end":{"line":140,"column":107}},"53":{"start":{"line":18,"column":13},"end":{"line":18,"column":30}}},"fnMap":{"0":{"name":"(anonymous_0)","decl":{"start":{"line":18,"column":30},"end":{"line":18,"column":31}},"loc":{"start":{"line":18,"column":108},"end":{"line":180,"column":1}}},"1":{"name":"(anonymous_1)","decl":{"start":{"line":25,"column":12},"end":{"line":25,"column":15}},"loc":{"start":{"line":25,"column":17},"end":{"line":34,"column":3}}},"2":{"name":"(anonymous_2)","decl":{"start":{"line":36,"column":27},"end":{"line":36,"column":28}},"loc":{"start":{"line":36,"column":124},"end":{"line":41,"column":3}}},"3":{"name":"(anonymous_3)","decl":{"start":{"line":43,"column":32},"end":{"line":43,"column":33}},"loc":{"start":{"line":43,"column":75},"end":{"line":46,"column":3}}},"4":{"name":"(anonymous_4)","decl":{"start":{"line":48,"column":64},"end":{"line":48,"column":67}},"loc":{"start":{"line":48,"column":69},"end":{"line":69,"column":3}}},"5":{"name":"(anonymous_5)","decl":{"start":{"line":71,"column":37},"end":{"line":71,"column":40}},"loc":{"start":{"line":71,"column":42},"end":{"line":73,"column":3}}},"6":{"name":"(anonymous_6)","decl":{"start":{"line":72,"column":36},"end":{"line":72,"column":37}},"loc":{"start":{"line":72,"column":41},"end":{"line":72,"column":64}}},"7":{"name":"(anonymous_7)","decl":{"start":{"line":75,"column":25},"end":{"line":75,"column":26}},"loc":{"start":{"line":75,"column":82},"end":{"line":81,"column":3}}},"8":{"name":"(anonymous_8)","decl":{"start":{"line":101,"column":26},"end":{"line":101,"column":27}},"loc":{"start":{"line":101,"column":33},"end":{"line":101,"column":62}}},"9":{"name":"(anonymous_9)","decl":{"start":{"line":111,"column":77},"end":{"line":111,"column":80}},"loc":{"start":{"line":112,"column":18},"end":{"line":112,"column":36}}},"10":{"name":"(anonymous_10)","decl":{"start":{"line":112,"column":99},"end":{"line":112,"column":102}},"loc":{"start":{"line":112,"column":105},"end":{"line":112,"column":122}}},"11":{"name":"(anonymous_11)","decl":{"start":{"line":117,"column":120},"end":{"line":117,"column":123}},"loc":{"start":{"line":117,"column":126},"end":{"line":117,"column":150}}},"12":{"name":"(anonymous_12)","decl":{"start":{"line":121,"column":92},"end":{"line":121,"column":95}},"loc":{"start":{"line":121,"column":98},"end":{"line":121,"column":120}}},"13":{"name":"(anonymous_13)","decl":{"start":{"line":140,"column":73},"end":{"line":140,"column":76}},"loc":{"start":{"line":140,"column":79},"end":{"line":140,"column":107}}}},"branchMap":{"0":{"loc":{"start":{"line":29,"column":4},"end":{"line":33,"column":5}},"type":"if","locations":[{"start":{"line":29,"column":4},"end":{"line":33,"column":5}},{"start":{"line":31,"column":11},"end":{"line":33,"column":5}}]},"1":{"loc":{"start":{"line":30,"column":19},"end":{"line":30,"column":65}},"type":"binary-expr","locations":[{"start":{"line":30,"column":19},"end":{"line":30,"column":40}},{"start":{"line":30,"column":44},"end":{"line":30,"column":65}}]},"2":{"loc":{"start":{"line":49,"column":17},"end":{"line":49,"column":44}},"type":"binary-expr","locations":[{"start":{"line":49,"column":17},"end":{"line":49,"column":39}},{"start":{"line":49,"column":43},"end":{"line":49,"column":44}}]},"3":{"loc":{"start":{"line":52,"column":4},"end":{"line":58,"column":5}},"type":"if","locations":[{"start":{"line":52,"column":4},"end":{"line":58,"column":5}},{"start":{"line":54,"column":11},"end":{"line":58,"column":5}}]},"4":{"loc":{"start":{"line":54,"column":11},"end":{"line":58,"column":5}},"type":"if","locations":[{"start":{"line":54,"column":11},"end":{"line":58,"column":5}},{"start":{"line":56,"column":11},"end":{"line":58,"column":5}}]},"5":{"loc":{"start":{"line":55,"column":21},"end":{"line":55,"column":47}},"type":"binary-expr","locations":[{"start":{"line":55,"column":21},"end":{"line":55,"column":42}},{"start":{"line":55,"column":46},"end":{"line":55,"column":47}}]},"6":{"loc":{"start":{"line":56,"column":11},"end":{"line":58,"column":5}},"type":"if","locations":[{"start":{"line":56,"column":11},"end":{"line":58,"column":5}},{"start":{},"end":{}}]},"7":{"loc":{"start":{"line":61,"column":17},"end":{"line":61,"column":74}},"type":"binary-expr","locations":[{"start":{"line":61,"column":17},"end":{"line":61,"column":69}},{"start":{"line":61,"column":73},"end":{"line":61,"column":74}}]},"8":{"loc":{"start":{"line":72,"column":11},"end":{"line":72,"column":80}},"type":"binary-expr","locations":[{"start":{"line":72,"column":11},"end":{"line":72,"column":73}},{"start":{"line":72,"column":77},"end":{"line":72,"column":80}}]},"9":{"loc":{"start":{"line":107,"column":11},"end":{"line":147,"column":null}},"type":"binary-expr","locations":[{"start":{"line":107,"column":11},"end":{"line":107,"column":40}},{"start":{"line":108,"column":12},"end":{"line":146,"column":null}}]},"10":{"loc":{"start":{"line":111,"column":17},"end":{"line":115,"column":18}},"type":"binary-expr","locations":[{"start":{"line":111,"column":17},"end":{"line":111,"column":50}},{"start":{"line":111,"column":54},"end":{"line":115,"column":18}}]},"11":{"loc":{"start":{"line":112,"column":45},"end":{"line":112,"column":88}},"type":"cond-expr","locations":[{"start":{"line":112,"column":65},"end":{"line":112,"column":74}},{"start":{"line":112,"column":77},"end":{"line":112,"column":88}}]},"12":{"loc":{"start":{"line":116,"column":18},"end":{"line":119,"column":null}},"type":"binary-expr","locations":[{"start":{"line":116,"column":18},"end":{"line":116,"column":51}},{"start":{"line":117,"column":19},"end":{"line":117,"column":null}}]},"13":{"loc":{"start":{"line":117,"column":59},"end":{"line":117,"column":109}},"type":"cond-expr","locations":[{"start":{"line":117,"column":86},"end":{"line":117,"column":95}},{"start":{"line":117,"column":98},"end":{"line":117,"column":109}}]},"14":{"loc":{"start":{"line":121,"column":33},"end":{"line":121,"column":81}},"type":"cond-expr","locations":[{"start":{"line":121,"column":58},"end":{"line":121,"column":67}},{"start":{"line":121,"column":70},"end":{"line":121,"column":81}}]},"15":{"loc":{"start":{"line":125,"column":15},"end":{"line":138,"column":null}},"type":"binary-expr","locations":[{"start":{"line":125,"column":15},"end":{"line":125,"column":37}},{"start":{"line":126,"column":16},"end":{"line":137,"column":null}}]},"16":{"loc":{"start":{"line":133,"column":19},"end":{"line":136,"column":null}},"type":"binary-expr","locations":[{"start":{"line":133,"column":19},"end":{"line":133,"column":36}},{"start":{"line":134,"column":20},"end":{"line":135,"column":null}}]},"17":{"loc":{"start":{"line":135,"column":268},"end":{"line":135,"column":339}},"type":"cond-expr","locations":[{"start":{"line":135,"column":312},"end":{"line":135,"column":322}},{"start":{"line":135,"column":325},"end":{"line":135,"column":339}}]},"18":{"loc":{"start":{"line":151,"column":15},"end":{"line":151,"column":121}},"type":"binary-expr","locations":[{"start":{"line":151,"column":15},"end":{"line":151,"column":44}},{"start":{"line":151,"column":48},"end":{"line":151,"column":121}}]},"19":{"loc":{"start":{"line":153,"column":15},"end":{"line":157,"column":null}},"type":"binary-expr","locations":[{"start":{"line":153,"column":15},"end":{"line":153,"column":44}},{"start":{"line":154,"column":18},"end":{"line":156,"column":null}}]}},"s":{"0":1,"1":1,"2":1,"3":1,"4":1,"5":1,"6":1,"7":1,"8":11,"9":11,"10":11,"11":11,"12":11,"13":11,"14":4,"15":4,"16":4,"17":4,"18":4,"19":0,"20":11,"21":0,"22":0,"23":0,"24":0,"25":11,"26":0,"27":0,"28":11,"29":8,"30":8,"31":8,"32":0,"33":8,"34":0,"35":8,"36":4,"37":8,"38":8,"39":8,"40":8,"41":11,"42":4,"43":4,"44":11,"45":33,"46":11,"47":0,"48":33,"49":0,"50":0,"51":0,"52":0,"53":1},"f":{"0":11,"1":4,"2":0,"3":0,"4":8,"5":4,"6":4,"7":33,"8":0,"9":33,"10":0,"11":0,"12":0,"13":0},"b":{"0":[4,0],"1":[4,0],"2":[8,8],"3":[0,8],"4":[0,8],"5":[0,0],"6":[4,4],"7":[8,8],"8":[4,0],"9":[11,11],"10":[11,11],"11":[7,26],"12":[11,0],"13":[0,0],"14":[0,11],"15":[11,0],"16":[0,0],"17":[0,0],"18":[11,0],"19":[11,11]}}
,"/app/src/components/ChatInterface.tsx": {"path":"/app/src/components/ChatInterface.tsx","statementMap":{"0":{"start":{"line":1,"column":0},"end":{"line":1,"column":52}},"1":{"start":{"line":2,"column":0},"end":{"line":2,"column":48}},"2":{"start":{"line":3,"column":0},"end":{"line":3,"column":52}},"3":{"start":{"line":4,"column":0},"end":{"line":4,"column":57}},"4":{"start":{"line":5,"column":0},"end":{"line":5,"column":33}},"5":{"start":{"line":18,"column":29},"end":{"line":137,"column":1}},"6":{"start":{"line":19,"column":34},"end":{"line":19,"column":57}},"7":{"start":{"line":20,"column":38},"end":{"line":20,"column":50}},"8":{"start":{"line":21,"column":36},"end":{"line":21,"column":51}},"9":{"start":{"line":22,"column":25},"end":{"line":22,"column":53}},"10":{"start":{"line":24,"column":25},"end":{"line":26,"column":3}},"11":{"start":{"line":25,"column":4},"end":{"line":25,"column":67}},"12":{"start":{"line":28,"column":2},"end":{"line":31,"column":17}},"13":{"start":{"line":30,"column":4},"end":{"line":30,"column":21}},"14":{"start":{"line":33,"column":28},"end":{"line":83,"column":3}},"15":{"start":{"line":34,"column":4},"end":{"line":34,"column":41}},"16":{"start":{"line":34,"column":34},"end":{"line":34,"column":41}},"17":{"start":{"line":36,"column":36},"end":{"line":40,"column":6}},"18":{"start":{"line":41,"column":4},"end":{"line":41,"column":69}},"19":{"start":{"line":41,"column":34},"end":{"line":41,"column":67}},"20":{"start":{"line":42,"column":4},"end":{"line":42,"column":22}},"21":{"start":{"line":45,"column":27},"end":{"line":80,"column":5}},"22":{"start":{"line":46,"column":6},"end":{"line":46,"column":25}},"23":{"start":{"line":47,"column":6},"end":{"line":79,"column":7}},"24":{"start":{"line":48,"column":25},"end":{"line":54,"column":10}},"25":{"start":{"line":56,"column":8},"end":{"line":58,"column":9}},"26":{"start":{"line":57,"column":10},"end":{"line":57,"column":68}},"27":{"start":{"line":60,"column":32},"end":{"line":60,"column":53}},"28":{"start":{"line":62,"column":37},"end":{"line":66,"column":10}},"29":{"start":{"line":67,"column":8},"end":{"line":67,"column":70}},"30":{"start":{"line":67,"column":38},"end":{"line":67,"column":68}},"31":{"start":{"line":70,"column":8},"end":{"line":70,"column":62}},"32":{"start":{"line":71,"column":39},"end":{"line":75,"column":10}},"33":{"start":{"line":76,"column":8},"end":{"line":76,"column":72}},"34":{"start":{"line":76,"column":38},"end":{"line":76,"column":70}},"35":{"start":{"line":78,"column":8},"end":{"line":78,"column":28}},"36":{"start":{"line":82,"column":4},"end":{"line":82,"column":21}},"37":{"start":{"line":85,"column":2},"end":{"line":85,"column":27}},"38":{"start":{"line":85,"column":15},"end":{"line":85,"column":27}},"39":{"start":{"line":87,"column":2},"end":{"line":136,"column":4}},"40":{"start":{"line":98,"column":12},"end":{"line":99,"column":null}},"41":{"start":{"line":115,"column":29},"end":{"line":115,"column":58}},"42":{"start":{"line":117,"column":14},"end":{"line":120,"column":15}},"43":{"start":{"line":118,"column":16},"end":{"line":118,"column":35}},"44":{"start":{"line":119,"column":16},"end":{"line":119,"column":36}},"45":{"start":{"line":18,"column":13},"end":{"line":18,"column":29}}},"fnMap":{"0":{"name":"(anonymous_0)","decl":{"start":{"line":18,"column":29},"end":{"line":18,"column":30}},"loc":{"start":{"line":18,"column":73},"end":{"line":137,"column":1}}},"1":{"name":"(anonymous_1)","decl":{"start":{"line":24,"column":25},"end":{"line":24,"column":28}},"loc":{"start":{"line":24,"column":30},"end":{"line":26,"column":3}}},"2":{"name":"(anonymous_2)","decl":{"start":{"line":28,"column":12},"end":{"line":28,"column":15}},"loc":{"start":{"line":28,"column":17},"end":{"line":31,"column":3}}},"3":{"name":"(anonymous_3)","decl":{"start":{"line":33,"column":28},"end":{"line":33,"column":31}},"loc":{"start":{"line":33,"column":33},"end":{"line":83,"column":3}}},"4":{"name":"(anonymous_4)","decl":{"start":{"line":41,"column":16},"end":{"line":41,"column":17}},"loc":{"start":{"line":41,"column":34},"end":{"line":41,"column":67}}},"5":{"name":"(anonymous_5)","decl":{"start":{"line":45,"column":27},"end":{"line":45,"column":32}},"loc":{"start":{"line":45,"column":38},"end":{"line":80,"column":5}}},"6":{"name":"(anonymous_6)","decl":{"start":{"line":67,"column":20},"end":{"line":67,"column":21}},"loc":{"start":{"line":67,"column":38},"end":{"line":67,"column":68}}},"7":{"name":"(anonymous_7)","decl":{"start":{"line":76,"column":20},"end":{"line":76,"column":21}},"loc":{"start":{"line":76,"column":38},"end":{"line":76,"column":70}}},"8":{"name":"(anonymous_8)","decl":{"start":{"line":97,"column":24},"end":{"line":97,"column":25}},"loc":{"start":{"line":98,"column":12},"end":{"line":99,"column":null}}},"9":{"name":"(anonymous_9)","decl":{"start":{"line":115,"column":22},"end":{"line":115,"column":23}},"loc":{"start":{"line":115,"column":29},"end":{"line":115,"column":58}}},"10":{"name":"(anonymous_10)","decl":{"start":{"line":116,"column":24},"end":{"line":116,"column":25}},"loc":{"start":{"line":116,"column":30},"end":{"line":121,"column":13}}}},"branchMap":{"0":{"loc":{"start":{"line":34,"column":4},"end":{"line":34,"column":41}},"type":"if","locations":[{"start":{"line":34,"column":4},"end":{"line":34,"column":41}},{"start":{},"end":{}}]},"1":{"loc":{"start":{"line":56,"column":8},"end":{"line":58,"column":9}},"type":"if","locations":[{"start":{"line":56,"column":8},"end":{"line":58,"column":9}},{"start":{},"end":{}}]},"2":{"loc":{"start":{"line":64,"column":16},"end":{"line":64,"column":65}},"type":"binary-expr","locations":[{"start":{"line":64,"column":16},"end":{"line":64,"column":37}},{"start":{"line":64,"column":41},"end":{"line":64,"column":65}}]},"3":{"loc":{"start":{"line":85,"column":2},"end":{"line":85,"column":27}},"type":"if","locations":[{"start":{"line":85,"column":2},"end":{"line":85,"column":27}},{"start":{},"end":{}}]},"4":{"loc":{"start":{"line":101,"column":16},"end":{"line":103,"column":null}},"type":"cond-expr","locations":[{"start":{"line":102,"column":20},"end":{"line":102,"column":64}},{"start":{"line":103,"column":20},"end":{"line":103,"column":null}}]},"5":{"loc":{"start":{"line":117,"column":14},"end":{"line":120,"column":15}},"type":"if","locations":[{"start":{"line":117,"column":14},"end":{"line":120,"column":15}},{"start":{},"end":{}}]},"6":{"loc":{"start":{"line":117,"column":18},"end":{"line":117,"column":64}},"type":"binary-expr","locations":[{"start":{"line":117,"column":18},"end":{"line":117,"column":35}},{"start":{"line":117,"column":39},"end":{"line":117,"column":50}},{"start":{"line":117,"column":54},"end":{"line":117,"column":64}}]},"7":{"loc":{"start":{"line":127,"column":13},"end":{"line":130,"column":null}},"type":"cond-expr","locations":[{"start":{"line":128,"column":14},"end":{"line":128,"column":97}},{"start":{"line":130,"column":14},"end":{"line":130,"column":20}}]}},"s":{"0":1,"1":1,"2":1,"3":1,"4":1,"5":1,"6":23,"7":23,"8":23,"9":23,"10":23,"11":18,"12":23,"13":18,"14":23,"15":6,"16":1,"17":5,"18":5,"19":5,"20":5,"21":5,"22":5,"23":5,"24":5,"25":4,"26":1,"27":3,"28":3,"29":3,"30":3,"31":2,"32":2,"33":2,"34":2,"35":5,"36":5,"37":23,"38":1,"39":22,"40":13,"41":5,"42":0,"43":0,"44":0,"45":1},"f":{"0":23,"1":18,"2":18,"3":6,"4":5,"5":5,"6":3,"7":2,"8":13,"9":5,"10":0},"b":{"0":[1,5],"1":[1,3],"2":[3,0],"3":[1,22],"4":[9,4],"5":[0,0],"6":[0,0,0],"7":[5,17]}}
,"/app/src/components/CountryInfoCard.tsx": {"path":"/app/src/components/CountryInfoCard.tsx","statementMap":{"0":{"start":{"line":3,"column":0},"end":{"line":3,"column":69}},"1":{"start":{"line":4,"column":0},"end":{"line":4,"column":44}},"2":{"start":{"line":5,"column":0},"end":{"line":5,"column":37}},"3":{"start":{"line":12,"column":46},"end":{"line":18,"column":2}},"4":{"start":{"line":20,"column":31},"end":{"line":64,"column":1}},"5":{"start":{"line":21,"column":2},"end":{"line":63,"column":4}},"6":{"start":{"line":44,"column":14},"end":{"line":44,"column":28}},"7":{"start":{"line":53,"column":48},"end":{"line":53,"column":65}},"8":{"start":{"line":20,"column":13},"end":{"line":20,"column":31}}},"fnMap":{"0":{"name":"(anonymous_0)","decl":{"start":{"line":20,"column":31},"end":{"line":20,"column":32}},"loc":{"start":{"line":20,"column":78},"end":{"line":64,"column":1}}},"1":{"name":"(anonymous_1)","decl":{"start":{"line":43,"column":47},"end":{"line":43,"column":48}},"loc":{"start":{"line":44,"column":14},"end":{"line":44,"column":28}}},"2":{"name":"(anonymous_2)","decl":{"start":{"line":53,"column":39},"end":{"line":53,"column":40}},"loc":{"start":{"line":53,"column":48},"end":{"line":53,"column":65}}}},"branchMap":{"0":{"loc":{"start":{"line":50,"column":21},"end":{"line":53,"column":66}},"type":"binary-expr","locations":[{"start":{"line":50,"column":21},"end":{"line":50,"column":63}},{"start":{"line":51,"column":22},"end":{"line":53,"column":66}}]}},"s":{"0":1,"1":1,"2":1,"3":1,"4":1,"5":7,"6":35,"7":0,"8":1},"f":{"0":7,"1":35,"2":0},"b":{"0":[35,0]}}
,"/app/src/components/CountrySelector.tsx": {"path":"/app/src/components/CountrySelector.tsx","statementMap":{"0":{"start":{"line":2,"column":0},"end":{"line":2,"column":33}},"1":{"start":{"line":4,"column":0},"end":{"line":4,"column":35}},"2":{"start":{"line":5,"column":0},"end":{"line":5,"column":69}},"3":{"start":{"line":6,"column":0},"end":{"line":6,"column":38}},"4":{"start":{"line":13,"column":31},"end":{"line":57,"column":1}},"5":{"start":{"line":14,"column":38},"end":{"line":14,"column":50}},"6":{"start":{"line":16,"column":28},"end":{"line":17,"column":null}},"7":{"start":{"line":17,"column":4},"end":{"line":17,"column":65}},"8":{"start":{"line":20,"column":2},"end":{"line":56,"column":4}},"9":{"start":{"line":32,"column":29},"end":{"line":32,"column":58}},"10":{"start":{"line":39,"column":14},"end":{"line":39,"column":null}},"11":{"start":{"line":41,"column":33},"end":{"line":41,"column":57}},"12":{"start":{"line":13,"column":13},"end":{"line":13,"column":31}}},"fnMap":{"0":{"name":"(anonymous_0)","decl":{"start":{"line":13,"column":31},"end":{"line":13,"column":32}},"loc":{"start":{"line":13,"column":88},"end":{"line":57,"column":1}}},"1":{"name":"(anonymous_1)","decl":{"start":{"line":16,"column":45},"end":{"line":16,"column":52}},"loc":{"start":{"line":17,"column":4},"end":{"line":17,"column":65}}},"2":{"name":"(anonymous_2)","decl":{"start":{"line":32,"column":22},"end":{"line":32,"column":23}},"loc":{"start":{"line":32,"column":29},"end":{"line":32,"column":58}}},"3":{"name":"(anonymous_3)","decl":{"start":{"line":38,"column":35},"end":{"line":38,"column":42}},"loc":{"start":{"line":39,"column":14},"end":{"line":39,"column":null}}},"4":{"name":"(anonymous_4)","decl":{"start":{"line":41,"column":27},"end":{"line":41,"column":30}},"loc":{"start":{"line":41,"column":33},"end":{"line":41,"column":57}}}},"branchMap":{},"s":{"0":1,"1":1,"2":1,"3":1,"4":1,"5":12,"6":12,"7":72,"8":12,"9":0,"10":72,"11":4,"12":1},"f":{"0":12,"1":72,"2":0,"3":72,"4":4},"b":{}}
,"/app/src/components/Header.tsx": {"path":"/app/src/components/Header.tsx","statementMap":{"0":{"start":{"line":2,"column":0},"end":{"line":2,"column":37}},"1":{"start":{"line":4,"column":22},"end":{"line":15,"column":1}},"2":{"start":{"line":5,"column":2},"end":{"line":14,"column":4}},"3":{"start":{"line":4,"column":13},"end":{"line":4,"column":22}}},"fnMap":{"0":{"name":"(anonymous_0)","decl":{"start":{"line":4,"column":22},"end":{"line":4,"column":25}},"loc":{"start":{"line":4,"column":27},"end":{"line":15,"column":1}}}},"branchMap":{},"s":{"0":1,"1":1,"2":12,"3":1},"f":{"0":12},"b":{}}
,"/app/src/components/HomeCurrencySelector.tsx": {"path":"/app/src/components/HomeCurrencySelector.tsx","statementMap":{"0":{"start":{"line":2,"column":0},"end":{"line":2,"column":null}},"1":{"start":{"line":9,"column":0},"end":{"line":9,"column":69}},"2":{"start":{"line":10,"column":0},"end":{"line":10,"column":59}},"3":{"start":{"line":17,"column":36},"end":{"line":40,"column":1}},"4":{"start":{"line":18,"column":2},"end":{"line":39,"column":4}},"5":{"start":{"line":30,"column":14},"end":{"line":30,"column":46}},"6":{"start":{"line":17,"column":13},"end":{"line":17,"column":36}}},"fnMap":{"0":{"name":"(anonymous_0)","decl":{"start":{"line":17,"column":36},"end":{"line":17,"column":37}},"loc":{"start":{"line":17,"column":105},"end":{"line":40,"column":1}}},"1":{"name":"(anonymous_1)","decl":{"start":{"line":29,"column":37},"end":{"line":29,"column":45}},"loc":{"start":{"line":30,"column":14},"end":{"line":30,"column":46}}}},"branchMap":{},"s":{"0":1,"1":1,"2":1,"3":1,"4":12,"5":36,"6":1},"f":{"0":12,"1":36},"b":{}}
,"/app/src/components/SuggestTipDialog.tsx": {"path":"/app/src/components/SuggestTipDialog.tsx","statementMap":{"0":{"start":{"line":2,"column":0},"end":{"line":2,"column":42}},"1":{"start":{"line":4,"column":0},"end":{"line":4,"column":48}},"2":{"start":{"line":5,"column":0},"end":{"line":5,"column":null}},"3":{"start":{"line":13,"column":0},"end":{"line":13,"column":73}},"4":{"start":{"line":14,"column":0},"end":{"line":14,"column":46}},"5":{"start":{"line":26,"column":32},"end":{"line":193,"column":1}},"6":{"start":{"line":27,"column":26},"end":{"line":27,"column":55}},"7":{"start":{"line":28,"column":40},"end":{"line":28,"column":60}},"8":{"start":{"line":29,"column":46},"end":{"line":29,"column":79}},"9":{"start":{"line":30,"column":60},"end":{"line":30,"column":91}},"10":{"start":{"line":32,"column":23},"end":{"line":32,"column":75}},"11":{"start":{"line":32,"column":37},"end":{"line":32,"column":63}},"12":{"start":{"line":34,"column":16},"end":{"line":39,"column":3}},"13":{"start":{"line":35,"column":4},"end":{"line":35,"column":27}},"14":{"start":{"line":36,"column":4},"end":{"line":36,"column":23}},"15":{"start":{"line":37,"column":4},"end":{"line":37,"column":26}},"16":{"start":{"line":38,"column":4},"end":{"line":38,"column":33}},"17":{"start":{"line":41,"column":22},"end":{"line":46,"column":3}},"18":{"start":{"line":42,"column":4},"end":{"line":44,"column":5}},"19":{"start":{"line":43,"column":6},"end":{"line":43,"column":29}},"20":{"start":{"line":45,"column":4},"end":{"line":45,"column":23}},"21":{"start":{"line":48,"column":23},"end":{"line":78,"column":65}},"22":{"start":{"line":49,"column":4},"end":{"line":49,"column":34}},"23":{"start":{"line":49,"column":25},"end":{"line":49,"column":34}},"24":{"start":{"line":51,"column":18},"end":{"line":51,"column":19}},"25":{"start":{"line":52,"column":4},"end":{"line":58,"column":5}},"26":{"start":{"line":53,"column":6},"end":{"line":55,"column":13}},"27":{"start":{"line":56,"column":11},"end":{"line":58,"column":5}},"28":{"start":{"line":57,"column":6},"end":{"line":57,"column":19}},"29":{"start":{"line":60,"column":14},"end":{"line":60,"column":21}},"30":{"start":{"line":61,"column":4},"end":{"line":67,"column":5}},"31":{"start":{"line":62,"column":24},"end":{"line":62,"column":33}},"32":{"start":{"line":62,"column":34},"end":{"line":62,"column":40}},"33":{"start":{"line":63,"column":22},"end":{"line":63,"column":31}},"34":{"start":{"line":63,"column":32},"end":{"line":63,"column":38}},"35":{"start":{"line":64,"column":19},"end":{"line":64,"column":27}},"36":{"start":{"line":64,"column":28},"end":{"line":64,"column":34}},"37":{"start":{"line":66,"column":15},"end":{"line":66,"column":21}},"38":{"start":{"line":69,"column":4},"end":{"line":75,"column":5}},"39":{"start":{"line":70,"column":6},"end":{"line":74,"column":7}},"40":{"start":{"line":71,"column":8},"end":{"line":71,"column":31}},"41":{"start":{"line":73,"column":8},"end":{"line":73,"column":16}},"42":{"start":{"line":77,"column":4},"end":{"line":77,"column":40}},"43":{"start":{"line":80,"column":23},"end":{"line":88,"column":3}},"44":{"start":{"line":81,"column":4},"end":{"line":86,"column":7}},"45":{"start":{"line":87,"column":4},"end":{"line":87,"column":23}},"46":{"start":{"line":90,"column":32},"end":{"line":100,"column":3}},"47":{"start":{"line":91,"column":4},"end":{"line":99,"column":5}},"48":{"start":{"line":92,"column":6},"end":{"line":92,"column":38}},"49":{"start":{"line":93,"column":6},"end":{"line":93,"column":28}},"50":{"start":{"line":94,"column":11},"end":{"line":99,"column":5}},"51":{"start":{"line":95,"column":6},"end":{"line":95,"column":37}},"52":{"start":{"line":96,"column":6},"end":{"line":96,"column":28}},"53":{"start":{"line":98,"column":6},"end":{"line":98,"column":31}},"54":{"start":{"line":102,"column":35},"end":{"line":108,"column":3}},"55":{"start":{"line":103,"column":4},"end":{"line":107,"column":5}},"56":{"start":{"line":104,"column":6},"end":{"line":104,"column":31}},"57":{"start":{"line":106,"column":6},"end":{"line":106,"column":32}},"58":{"start":{"line":110,"column":21},"end":{"line":178,"column":3}},"59":{"start":{"line":111,"column":4},"end":{"line":177,"column":5}},"60":{"start":{"line":113,"column":8},"end":{"line":129,"column":10}},"61":{"start":{"line":116,"column":76},"end":{"line":116,"column":95}},"62":{"start":{"line":118,"column":16},"end":{"line":118,"column":32}},"63":{"start":{"line":125,"column":37},"end":{"line":125,"column":55}},"64":{"start":{"line":126,"column":37},"end":{"line":126,"column":62}},"65":{"start":{"line":131,"column":8},"end":{"line":147,"column":10}},"66":{"start":{"line":134,"column":76},"end":{"line":134,"column":98}},"67":{"start":{"line":136,"column":16},"end":{"line":136,"column":29}},"68":{"start":{"line":143,"column":37},"end":{"line":143,"column":59}},"69":{"start":{"line":149,"column":8},"end":{"line":165,"column":10}},"70":{"start":{"line":152,"column":83},"end":{"line":152,"column":112}},"71":{"start":{"line":154,"column":16},"end":{"line":154,"column":31}},"72":{"start":{"line":161,"column":37},"end":{"line":161,"column":62}},"73":{"start":{"line":162,"column":37},"end":{"line":162,"column":58}},"74":{"start":{"line":167,"column":8},"end":{"line":176,"column":10}},"75":{"start":{"line":180,"column":2},"end":{"line":192,"column":4}},"76":{"start":{"line":26,"column":13},"end":{"line":26,"column":32}}},"fnMap":{"0":{"name":"(anonymous_0)","decl":{"start":{"line":26,"column":32},"end":{"line":26,"column":33}},"loc":{"start":{"line":26,"column":107},"end":{"line":193,"column":1}}},"1":{"name":"(anonymous_1)","decl":{"start":{"line":32,"column":31},"end":{"line":32,"column":34}},"loc":{"start":{"line":32,"column":37},"end":{"line":32,"column":63}}},"2":{"name":"(anonymous_2)","decl":{"start":{"line":34,"column":16},"end":{"line":34,"column":19}},"loc":{"start":{"line":34,"column":21},"end":{"line":39,"column":3}}},"3":{"name":"(anonymous_3)","decl":{"start":{"line":41,"column":22},"end":{"line":41,"column":23}},"loc":{"start":{"line":41,"column":40},"end":{"line":46,"column":3}}},"4":{"name":"(anonymous_4)","decl":{"start":{"line":48,"column":31},"end":{"line":48,"column":34}},"loc":{"start":{"line":48,"column":36},"end":{"line":78,"column":3}}},"5":{"name":"(anonymous_5)","decl":{"start":{"line":80,"column":23},"end":{"line":80,"column":26}},"loc":{"start":{"line":80,"column":28},"end":{"line":88,"column":3}}},"6":{"name":"(anonymous_6)","decl":{"start":{"line":90,"column":32},"end":{"line":90,"column":35}},"loc":{"start":{"line":90,"column":37},"end":{"line":100,"column":3}}},"7":{"name":"(anonymous_7)","decl":{"start":{"line":102,"column":35},"end":{"line":102,"column":38}},"loc":{"start":{"line":102,"column":40},"end":{"line":108,"column":3}}},"8":{"name":"(anonymous_8)","decl":{"start":{"line":110,"column":21},"end":{"line":110,"column":24}},"loc":{"start":{"line":110,"column":26},"end":{"line":178,"column":3}}},"9":{"name":"(anonymous_9)","decl":{"start":{"line":116,"column":59},"end":{"line":116,"column":60}},"loc":{"start":{"line":116,"column":76},"end":{"line":116,"column":95}}},"10":{"name":"(anonymous_10)","decl":{"start":{"line":117,"column":32},"end":{"line":117,"column":36}},"loc":{"start":{"line":118,"column":16},"end":{"line":118,"column":32}}},"11":{"name":"(anonymous_11)","decl":{"start":{"line":125,"column":31},"end":{"line":125,"column":34}},"loc":{"start":{"line":125,"column":37},"end":{"line":125,"column":55}}},"12":{"name":"(anonymous_12)","decl":{"start":{"line":126,"column":31},"end":{"line":126,"column":34}},"loc":{"start":{"line":126,"column":37},"end":{"line":126,"column":62}}},"13":{"name":"(anonymous_13)","decl":{"start":{"line":134,"column":62},"end":{"line":134,"column":63}},"loc":{"start":{"line":134,"column":76},"end":{"line":134,"column":98}}},"14":{"name":"(anonymous_14)","decl":{"start":{"line":135,"column":82},"end":{"line":135,"column":83}},"loc":{"start":{"line":136,"column":16},"end":{"line":136,"column":29}}},"15":{"name":"(anonymous_15)","decl":{"start":{"line":143,"column":31},"end":{"line":143,"column":34}},"loc":{"start":{"line":143,"column":37},"end":{"line":143,"column":59}}},"16":{"name":"(anonymous_16)","decl":{"start":{"line":152,"column":69},"end":{"line":152,"column":70}},"loc":{"start":{"line":152,"column":83},"end":{"line":152,"column":112}}},"17":{"name":"(anonymous_17)","decl":{"start":{"line":153,"column":44},"end":{"line":153,"column":47}},"loc":{"start":{"line":154,"column":16},"end":{"line":154,"column":31}}},"18":{"name":"(anonymous_18)","decl":{"start":{"line":161,"column":31},"end":{"line":161,"column":34}},"loc":{"start":{"line":161,"column":37},"end":{"line":161,"column":62}}},"19":{"name":"(anonymous_19)","decl":{"start":{"line":162,"column":31},"end":{"line":162,"column":34}},"loc":{"start":{"line":162,"column":37},"end":{"line":162,"column":58}}}},"branchMap":{"0":{"loc":{"start":{"line":42,"column":4},"end":{"line":44,"column":5}},"type":"if","locations":[{"start":{"line":42,"column":4},"end":{"line":44,"column":5}},{"start":{},"end":{}}]},"1":{"loc":{"start":{"line":49,"column":4},"end":{"line":49,"column":34}},"type":"if","locations":[{"start":{"line":49,"column":4},"end":{"line":49,"column":34}},{"start":{},"end":{}}]},"2":{"loc":{"start":{"line":52,"column":4},"end":{"line":58,"column":5}},"type":"if","locations":[{"start":{"line":52,"column":4},"end":{"line":58,"column":5}},{"start":{"line":56,"column":11},"end":{"line":58,"column":5}}]},"3":{"loc":{"start":{"line":53,"column":16},"end":{"line":55,"column":12}},"type":"cond-expr","locations":[{"start":{"line":54,"column":10},"end":{"line":54,"column":71}},{"start":{"line":55,"column":10},"end":{"line":55,"column":12}}]},"4":{"loc":{"start":{"line":56,"column":11},"end":{"line":58,"column":5}},"type":"if","locations":[{"start":{"line":56,"column":11},"end":{"line":58,"column":5}},{"start":{},"end":{}}]},"5":{"loc":{"start":{"line":61,"column":4},"end":{"line":67,"column":5}},"type":"switch","locations":[{"start":{"line":62,"column":6},"end":{"line":62,"column":40}},{"start":{"line":63,"column":6},"end":{"line":63,"column":38}},{"start":{"line":64,"column":6},"end":{"line":64,"column":34}},{"start":{"line":65,"column":6},"end":{"line":65,"column":18}},{"start":{"line":66,"column":6},"end":{"line":66,"column":21}}]},"6":{"loc":{"start":{"line":69,"column":4},"end":{"line":75,"column":5}},"type":"if","locations":[{"start":{"line":69,"column":4},"end":{"line":75,"column":5}},{"start":{},"end":{}}]},"7":{"loc":{"start":{"line":70,"column":6},"end":{"line":74,"column":7}},"type":"if","locations":[{"start":{"line":70,"column":6},"end":{"line":74,"column":7}},{"start":{"line":72,"column":13},"end":{"line":74,"column":7}}]},"8":{"loc":{"start":{"line":70,"column":10},"end":{"line":70,"column":69}},"type":"binary-expr","locations":[{"start":{"line":70,"column":10},"end":{"line":70,"column":40}},{"start":{"line":70,"column":44},"end":{"line":70,"column":69}}]},"9":{"loc":{"start":{"line":91,"column":4},"end":{"line":99,"column":5}},"type":"if","locations":[{"start":{"line":91,"column":4},"end":{"line":99,"column":5}},{"start":{"line":94,"column":11},"end":{"line":99,"column":5}}]},"10":{"loc":{"start":{"line":94,"column":11},"end":{"line":99,"column":5}},"type":"if","locations":[{"start":{"line":94,"column":11},"end":{"line":99,"column":5}},{"start":{"line":97,"column":11},"end":{"line":99,"column":5}}]},"11":{"loc":{"start":{"line":103,"column":4},"end":{"line":107,"column":5}},"type":"if","locations":[{"start":{"line":103,"column":4},"end":{"line":107,"column":5}},{"start":{"line":105,"column":11},"end":{"line":107,"column":5}}]},"12":{"loc":{"start":{"line":111,"column":4},"end":{"line":177,"column":5}},"type":"switch","locations":[{"start":{"line":112,"column":6},"end":{"line":129,"column":10}},{"start":{"line":130,"column":6},"end":{"line":147,"column":10}},{"start":{"line":148,"column":6},"end":{"line":165,"column":10}},{"start":{"line":166,"column":6},"end":{"line":176,"column":10}}]}},"s":{"0":1,"1":1,"2":1,"3":1,"4":1,"5":1,"6":11,"7":11,"8":11,"9":11,"10":11,"11":4,"12":11,"13":0,"14":0,"15":0,"16":0,"17":11,"18":0,"19":0,"20":0,"21":11,"22":4,"23":4,"24":0,"25":0,"26":0,"27":0,"28":0,"29":0,"30":0,"31":0,"32":0,"33":0,"34":0,"35":0,"36":0,"37":0,"38":0,"39":0,"40":0,"41":0,"42":0,"43":11,"44":0,"45":0,"46":11,"47":0,"48":0,"49":0,"50":0,"51":0,"52":0,"53":0,"54":11,"55":0,"56":0,"57":0,"58":11,"59":11,"60":11,"61":0,"62":55,"63":0,"64":0,"65":0,"66":0,"67":0,"68":0,"69":0,"70":0,"71":0,"72":0,"73":0,"74":0,"75":11,"76":1},"f":{"0":11,"1":4,"2":0,"3":0,"4":4,"5":0,"6":0,"7":0,"8":11,"9":0,"10":55,"11":0,"12":0,"13":0,"14":0,"15":0,"16":0,"17":0,"18":0,"19":0},"b":{"0":[0,0],"1":[4,0],"2":[0,0],"3":[0,0],"4":[0,0],"5":[0,0,0,0,0],"6":[0,0],"7":[0,0],"8":[0,0],"9":[0,0],"10":[0,0],"11":[0,0],"12":[11,0,0,0]}}
,"/app/src/components/ui/button.tsx": {"path":"/app/src/components/ui/button.tsx","statementMap":{"0":{"start":{"line":1,"column":0},"end":{"line":1,"column":30}},"1":{"start":{"line":2,"column":0},"end":{"line":2,"column":43}},"2":{"start":{"line":3,"column":0},"end":{"line":3,"column":65}},"3":{"start":{"line":5,"column":0},"end":{"line":5,"column":32}},"4":{"start":{"line":7,"column":23},"end":{"line":33,"column":null}},"5":{"start":{"line":56,"column":17},"end":{"line":56,"column":31}},"6":{"start":{"line":42,"column":15},"end":{"line":52,"column":null}},"7":{"start":{"line":44,"column":17},"end":{"line":44,"column":42}},"8":{"start":{"line":45,"column":4},"end":{"line":51,"column":null}},"9":{"start":{"line":56,"column":9},"end":{"line":56,"column":15}},"10":{"start":{"line":54,"column":0},"end":{"line":54,"column":null}}},"fnMap":{"0":{"name":"(anonymous_0)","decl":{"start":{"line":43,"column":2},"end":{"line":43,"column":3}},"loc":{"start":{"line":43,"column":67},"end":{"line":52,"column":3}}}},"branchMap":{"0":{"loc":{"start":{"line":43,"column":31},"end":{"line":43,"column":46}},"type":"default-arg","locations":[{"start":{"line":43,"column":41},"end":{"line":43,"column":46}}]},"1":{"loc":{"start":{"line":44,"column":17},"end":{"line":44,"column":42}},"type":"cond-expr","locations":[{"start":{"line":44,"column":27},"end":{"line":44,"column":31}},{"start":{"line":44,"column":34},"end":{"line":44,"column":42}}]}},"s":{"0":2,"1":2,"2":2,"3":2,"4":2,"5":2,"6":2,"7":117,"8":117,"9":2,"10":2},"f":{"0":117},"b":{"0":[117],"1":[0,117]}}
,"/app/src/components/ui/card.tsx": {"path":"/app/src/components/ui/card.tsx","statementMap":{"0":{"start":{"line":2,"column":0},"end":{"line":2,"column":30}},"1":{"start":{"line":4,"column":0},"end":{"line":4,"column":32}},"2":{"start":{"line":6,"column":13},"end":{"line":18,"column":2}},"3":{"start":{"line":10,"column":2},"end":{"line":16,"column":null}},"4":{"start":{"line":80,"column":9},"end":{"line":80,"column":13}},"5":{"start":{"line":19,"column":0},"end":{"line":19,"column":null}},"6":{"start":{"line":21,"column":19},"end":{"line":30,"column":2}},"7":{"start":{"line":25,"column":2},"end":{"line":28,"column":null}},"8":{"start":{"line":80,"column":15},"end":{"line":80,"column":25}},"9":{"start":{"line":31,"column":0},"end":{"line":31,"column":null}},"10":{"start":{"line":33,"column":18},"end":{"line":45,"column":2}},"11":{"start":{"line":37,"column":2},"end":{"line":43,"column":null}},"12":{"start":{"line":80,"column":39},"end":{"line":80,"column":48}},"13":{"start":{"line":46,"column":0},"end":{"line":46,"column":null}},"14":{"start":{"line":48,"column":24},"end":{"line":57,"column":2}},"15":{"start":{"line":52,"column":2},"end":{"line":55,"column":null}},"16":{"start":{"line":80,"column":50},"end":{"line":80,"column":65}},"17":{"start":{"line":58,"column":0},"end":{"line":58,"column":null}},"18":{"start":{"line":60,"column":20},"end":{"line":65,"column":2}},"19":{"start":{"line":64,"column":2},"end":{"line":64,"column":68}},"20":{"start":{"line":80,"column":67},"end":{"line":80,"column":78}},"21":{"start":{"line":66,"column":0},"end":{"line":66,"column":null}},"22":{"start":{"line":68,"column":19},"end":{"line":77,"column":2}},"23":{"start":{"line":72,"column":2},"end":{"line":75,"column":null}},"24":{"start":{"line":80,"column":27},"end":{"line":80,"column":37}},"25":{"start":{"line":78,"column":0},"end":{"line":78,"column":null}}},"fnMap":{"0":{"name":"(anonymous_0)","decl":{"start":{"line":9,"column":2},"end":{"line":9,"column":3}},"loc":{"start":{"line":10,"column":2},"end":{"line":16,"column":null}}},"1":{"name":"(anonymous_1)","decl":{"start":{"line":24,"column":2},"end":{"line":24,"column":3}},"loc":{"start":{"line":25,"column":2},"end":{"line":28,"column":null}}},"2":{"name":"(anonymous_2)","decl":{"start":{"line":36,"column":2},"end":{"line":36,"column":3}},"loc":{"start":{"line":37,"column":2},"end":{"line":43,"column":null}}},"3":{"name":"(anonymous_3)","decl":{"start":{"line":51,"column":2},"end":{"line":51,"column":3}},"loc":{"start":{"line":52,"column":2},"end":{"line":55,"column":null}}},"4":{"name":"(anonymous_4)","decl":{"start":{"line":63,"column":2},"end":{"line":63,"column":3}},"loc":{"start":{"line":64,"column":2},"end":{"line":64,"column":68}}},"5":{"name":"(anonymous_5)","decl":{"start":{"line":71,"column":2},"end":{"line":71,"column":3}},"loc":{"start":{"line":72,"column":2},"end":{"line":75,"column":null}}}},"branchMap":{},"s":{"0":1,"1":1,"2":1,"3":42,"4":1,"5":1,"6":1,"7":42,"8":1,"9":1,"10":1,"11":42,"12":1,"13":1,"14":1,"15":0,"16":1,"17":1,"18":1,"19":42,"20":1,"21":1,"22":1,"23":0,"24":1,"25":1},"f":{"0":42,"1":42,"2":42,"3":0,"4":42,"5":0},"b":{}}
,"/app/src/components/ui/dialog.tsx": {"path":"/app/src/components/ui/dialog.tsx","statementMap":{"0":{"start":{"line":1,"column":0},"end":{"line":1,"column":30}},"1":{"start":{"line":2,"column":0},"end":{"line":2,"column":57}},"2":{"start":{"line":3,"column":0},"end":{"line":3,"column":32}},"3":{"start":{"line":5,"column":0},"end":{"line":5,"column":32}},"4":{"start":{"line":7,"column":15},"end":{"line":7,"column":35}},"5":{"start":{"line":110,"column":2},"end":{"line":110,"column":8}},"6":{"start":{"line":9,"column":22},"end":{"line":9,"column":45}},"7":{"start":{"line":114,"column":2},"end":{"line":114,"column":15}},"8":{"start":{"line":11,"column":21},"end":{"line":11,"column":43}},"9":{"start":{"line":111,"column":2},"end":{"line":111,"column":14}},"10":{"start":{"line":13,"column":20},"end":{"line":13,"column":41}},"11":{"start":{"line":113,"column":2},"end":{"line":113,"column":13}},"12":{"start":{"line":15,"column":22},"end":{"line":27,"column":2}},"13":{"start":{"line":19,"column":2},"end":{"line":25,"column":null}},"14":{"start":{"line":112,"column":2},"end":{"line":112,"column":15}},"15":{"start":{"line":28,"column":0},"end":{"line":28,"column":null}},"16":{"start":{"line":30,"column":22},"end":{"line":51,"column":2}},"17":{"start":{"line":34,"column":2},"end":{"line":49,"column":null}},"18":{"start":{"line":115,"column":2},"end":{"line":115,"column":15}},"19":{"start":{"line":52,"column":0},"end":{"line":52,"column":null}},"20":{"start":{"line":54,"column":21},"end":{"line":64,"column":null}},"21":{"start":{"line":58,"column":2},"end":{"line":63,"column":null}},"22":{"start":{"line":116,"column":2},"end":{"line":116,"column":14}},"23":{"start":{"line":66,"column":0},"end":{"line":66,"column":null}},"24":{"start":{"line":68,"column":21},"end":{"line":78,"column":null}},"25":{"start":{"line":72,"column":2},"end":{"line":77,"column":null}},"26":{"start":{"line":117,"column":2},"end":{"line":117,"column":14}},"27":{"start":{"line":80,"column":0},"end":{"line":80,"column":null}},"28":{"start":{"line":82,"column":20},"end":{"line":94,"column":2}},"29":{"start":{"line":86,"column":2},"end":{"line":92,"column":null}},"30":{"start":{"line":118,"column":2},"end":{"line":118,"column":13}},"31":{"start":{"line":95,"column":0},"end":{"line":95,"column":null}},"32":{"start":{"line":97,"column":26},"end":{"line":106,"column":2}},"33":{"start":{"line":101,"column":2},"end":{"line":104,"column":null}},"34":{"start":{"line":119,"column":2},"end":{"line":119,"column":19}},"35":{"start":{"line":107,"column":0},"end":{"line":107,"column":null}}},"fnMap":{"0":{"name":"(anonymous_0)","decl":{"start":{"line":18,"column":2},"end":{"line":18,"column":3}},"loc":{"start":{"line":19,"column":2},"end":{"line":25,"column":null}}},"1":{"name":"(anonymous_1)","decl":{"start":{"line":33,"column":2},"end":{"line":33,"column":3}},"loc":{"start":{"line":34,"column":2},"end":{"line":49,"column":null}}},"2":{"name":"(anonymous_2)","decl":{"start":{"line":54,"column":21},"end":{"line":54,"column":22}},"loc":{"start":{"line":58,"column":2},"end":{"line":63,"column":null}}},"3":{"name":"(anonymous_3)","decl":{"start":{"line":68,"column":21},"end":{"line":68,"column":22}},"loc":{"start":{"line":72,"column":2},"end":{"line":77,"column":null}}},"4":{"name":"(anonymous_4)","decl":{"start":{"line":85,"column":2},"end":{"line":85,"column":3}},"loc":{"start":{"line":86,"column":2},"end":{"line":92,"column":null}}},"5":{"name":"(anonymous_5)","decl":{"start":{"line":100,"column":2},"end":{"line":100,"column":3}},"loc":{"start":{"line":101,"column":2},"end":{"line":104,"column":null}}}},"branchMap":{},"s":{"0":1,"1":1,"2":1,"3":1,"4":1,"5":1,"6":1,"7":1,"8":1,"9":1,"10":1,"11":1,"12":1,"13":0,"14":1,"15":1,"16":1,"17":11,"18":1,"19":1,"20":1,"21":0,"22":1,"23":1,"24":1,"25":0,"26":1,"27":1,"28":1,"29":0,"30":1,"31":1,"32":1,"33":0,"34":1,"35":1},"f":{"0":0,"1":11,"2":0,"3":0,"4":0,"5":0},"b":{}}
,"/app/src/components/ui/input.tsx": {"path":"/app/src/components/ui/input.tsx","statementMap":{"0":{"start":{"line":1,"column":0},"end":{"line":1,"column":30}},"1":{"start":{"line":3,"column":0},"end":{"line":3,"column":32}},"2":{"start":{"line":5,"column":14},"end":{"line":18,"column":null}},"3":{"start":{"line":7,"column":4},"end":{"line":17,"column":null}},"4":{"start":{"line":22,"column":9},"end":{"line":22,"column":14}},"5":{"start":{"line":20,"column":0},"end":{"line":20,"column":null}}},"fnMap":{"0":{"name":"(anonymous_0)","decl":{"start":{"line":6,"column":2},"end":{"line":6,"column":3}},"loc":{"start":{"line":6,"column":41},"end":{"line":18,"column":3}}}},"branchMap":{},"s":{"0":1,"1":1,"2":1,"3":23,"4":1,"5":1},"f":{"0":23},"b":{}}
,"/app/src/components/ui/label.tsx": {"path":"/app/src/components/ui/label.tsx","statementMap":{"0":{"start":{"line":1,"column":0},"end":{"line":1,"column":30}},"1":{"start":{"line":2,"column":0},"end":{"line":2,"column":55}},"2":{"start":{"line":3,"column":0},"end":{"line":3,"column":65}},"3":{"start":{"line":5,"column":0},"end":{"line":5,"column":32}},"4":{"start":{"line":7,"column":22},"end":{"line":8,"column":null}},"5":{"start":{"line":11,"column":14},"end":{"line":21,"column":2}},"6":{"start":{"line":16,"column":2},"end":{"line":19,"column":null}},"7":{"start":{"line":24,"column":9},"end":{"line":24,"column":14}},"8":{"start":{"line":22,"column":0},"end":{"line":22,"column":null}}},"fnMap":{"0":{"name":"(anonymous_0)","decl":{"start":{"line":15,"column":2},"end":{"line":15,"column":3}},"loc":{"start":{"line":16,"column":2},"end":{"line":19,"column":null}}}},"branchMap":{},"s":{"0":1,"1":1,"2":1,"3":1,"4":1,"5":1,"6":0,"7":1,"8":1},"f":{"0":0},"b":{}}
,"/app/src/components/ui/radio-group.tsx": {"path":"/app/src/components/ui/radio-group.tsx","statementMap":{"0":{"start":{"line":1,"column":0},"end":{"line":1,"column":30}},"1":{"start":{"line":2,"column":0},"end":{"line":2,"column":66}},"2":{"start":{"line":3,"column":0},"end":{"line":3,"column":37}},"3":{"start":{"line":5,"column":0},"end":{"line":5,"column":32}},"4":{"start":{"line":7,"column":19},"end":{"line":18,"column":2}},"5":{"start":{"line":11,"column":2},"end":{"line":17,"column":null}},"6":{"start":{"line":42,"column":9},"end":{"line":42,"column":19}},"7":{"start":{"line":19,"column":0},"end":{"line":19,"column":null}},"8":{"start":{"line":21,"column":23},"end":{"line":39,"column":2}},"9":{"start":{"line":25,"column":2},"end":{"line":38,"column":null}},"10":{"start":{"line":42,"column":21},"end":{"line":42,"column":35}},"11":{"start":{"line":40,"column":0},"end":{"line":40,"column":null}}},"fnMap":{"0":{"name":"(anonymous_0)","decl":{"start":{"line":10,"column":2},"end":{"line":10,"column":3}},"loc":{"start":{"line":10,"column":35},"end":{"line":18,"column":1}}},"1":{"name":"(anonymous_1)","decl":{"start":{"line":24,"column":2},"end":{"line":24,"column":3}},"loc":{"start":{"line":24,"column":35},"end":{"line":39,"column":1}}}},"branchMap":{},"s":{"0":1,"1":1,"2":1,"3":1,"4":1,"5":0,"6":1,"7":1,"8":1,"9":0,"10":1,"11":1},"f":{"0":0,"1":0},"b":{}}
,"/app/src/components/ui/scroll-area.tsx": {"path":"/app/src/components/ui/scroll-area.tsx","statementMap":{"0":{"start":{"line":1,"column":0},"end":{"line":1,"column":30}},"1":{"start":{"line":2,"column":0},"end":{"line":2,"column":66}},"2":{"start":{"line":4,"column":0},"end":{"line":4,"column":32}},"3":{"start":{"line":6,"column":19},"end":{"line":21,"column":2}},"4":{"start":{"line":10,"column":2},"end":{"line":19,"column":null}},"5":{"start":{"line":46,"column":9},"end":{"line":46,"column":19}},"6":{"start":{"line":22,"column":0},"end":{"line":22,"column":null}},"7":{"start":{"line":24,"column":18},"end":{"line":43,"column":2}},"8":{"start":{"line":28,"column":2},"end":{"line":41,"column":null}},"9":{"start":{"line":46,"column":21},"end":{"line":46,"column":30}},"10":{"start":{"line":44,"column":0},"end":{"line":44,"column":null}}},"fnMap":{"0":{"name":"(anonymous_0)","decl":{"start":{"line":9,"column":2},"end":{"line":9,"column":3}},"loc":{"start":{"line":10,"column":2},"end":{"line":19,"column":null}}},"1":{"name":"(anonymous_1)","decl":{"start":{"line":27,"column":2},"end":{"line":27,"column":3}},"loc":{"start":{"line":28,"column":2},"end":{"line":41,"column":null}}}},"branchMap":{"0":{"loc":{"start":{"line":27,"column":16},"end":{"line":27,"column":40}},"type":"default-arg","locations":[{"start":{"line":27,"column":30},"end":{"line":27,"column":40}}]},"1":{"loc":{"start":{"line":33,"column":6},"end":{"line":34,"column":60}},"type":"binary-expr","locations":[{"start":{"line":33,"column":6},"end":{"line":33,"column":32}},{"start":{"line":34,"column":8},"end":{"line":34,"column":60}}]},"2":{"loc":{"start":{"line":35,"column":6},"end":{"line":36,"column":62}},"type":"binary-expr","locations":[{"start":{"line":35,"column":6},"end":{"line":35,"column":34}},{"start":{"line":36,"column":8},"end":{"line":36,"column":62}}]}},"s":{"0":1,"1":1,"2":1,"3":1,"4":22,"5":1,"6":1,"7":1,"8":22,"9":1,"10":1},"f":{"0":22,"1":22},"b":{"0":[22],"1":[22,22],"2":[22,0]}}
,"/app/src/components/ui/select.tsx": {"path":"/app/src/components/ui/select.tsx","statementMap":{"0":{"start":{"line":1,"column":0},"end":{"line":1,"column":30}},"1":{"start":{"line":2,"column":0},"end":{"line":2,"column":57}},"2":{"start":{"line":3,"column":0},"end":{"line":3,"column":60}},"3":{"start":{"line":5,"column":0},"end":{"line":5,"column":32}},"4":{"start":{"line":7,"column":15},"end":{"line":7,"column":35}},"5":{"start":{"line":148,"column":2},"end":{"line":148,"column":8}},"6":{"start":{"line":9,"column":20},"end":{"line":9,"column":41}},"7":{"start":{"line":149,"column":2},"end":{"line":149,"column":13}},"8":{"start":{"line":11,"column":20},"end":{"line":11,"column":41}},"9":{"start":{"line":150,"column":2},"end":{"line":150,"column":13}},"10":{"start":{"line":13,"column":22},"end":{"line":30,"column":2}},"11":{"start":{"line":17,"column":2},"end":{"line":28,"column":null}},"12":{"start":{"line":151,"column":2},"end":{"line":151,"column":15}},"13":{"start":{"line":31,"column":0},"end":{"line":31,"column":null}},"14":{"start":{"line":33,"column":29},"end":{"line":47,"column":2}},"15":{"start":{"line":37,"column":2},"end":{"line":45,"column":null}},"16":{"start":{"line":156,"column":2},"end":{"line":156,"column":22}},"17":{"start":{"line":48,"column":0},"end":{"line":48,"column":null}},"18":{"start":{"line":50,"column":31},"end":{"line":64,"column":2}},"19":{"start":{"line":54,"column":2},"end":{"line":62,"column":null}},"20":{"start":{"line":157,"column":2},"end":{"line":157,"column":24}},"21":{"start":{"line":65,"column":0},"end":{"line":66,"column":null}},"22":{"start":{"line":68,"column":22},"end":{"line":97,"column":2}},"23":{"start":{"line":72,"column":2},"end":{"line":95,"column":null}},"24":{"start":{"line":152,"column":2},"end":{"line":152,"column":15}},"25":{"start":{"line":98,"column":0},"end":{"line":98,"column":null}},"26":{"start":{"line":100,"column":20},"end":{"line":109,"column":2}},"27":{"start":{"line":104,"column":2},"end":{"line":107,"column":null}},"28":{"start":{"line":153,"column":2},"end":{"line":153,"column":13}},"29":{"start":{"line":110,"column":0},"end":{"line":110,"column":null}},"30":{"start":{"line":112,"column":19},"end":{"line":132,"column":2}},"31":{"start":{"line":116,"column":2},"end":{"line":130,"column":null}},"32":{"start":{"line":154,"column":2},"end":{"line":154,"column":12}},"33":{"start":{"line":133,"column":0},"end":{"line":133,"column":null}},"34":{"start":{"line":135,"column":24},"end":{"line":144,"column":2}},"35":{"start":{"line":139,"column":2},"end":{"line":142,"column":null}},"36":{"start":{"line":155,"column":2},"end":{"line":155,"column":17}},"37":{"start":{"line":145,"column":0},"end":{"line":145,"column":null}}},"fnMap":{"0":{"name":"(anonymous_0)","decl":{"start":{"line":16,"column":2},"end":{"line":16,"column":3}},"loc":{"start":{"line":17,"column":2},"end":{"line":28,"column":null}}},"1":{"name":"(anonymous_1)","decl":{"start":{"line":36,"column":2},"end":{"line":36,"column":3}},"loc":{"start":{"line":37,"column":2},"end":{"line":45,"column":null}}},"2":{"name":"(anonymous_2)","decl":{"start":{"line":53,"column":2},"end":{"line":53,"column":3}},"loc":{"start":{"line":54,"column":2},"end":{"line":62,"column":null}}},"3":{"name":"(anonymous_3)","decl":{"start":{"line":71,"column":2},"end":{"line":71,"column":3}},"loc":{"start":{"line":72,"column":2},"end":{"line":95,"column":null}}},"4":{"name":"(anonymous_4)","decl":{"start":{"line":103,"column":2},"end":{"line":103,"column":3}},"loc":{"start":{"line":104,"column":2},"end":{"line":107,"column":null}}},"5":{"name":"(anonymous_5)","decl":{"start":{"line":115,"column":2},"end":{"line":115,"column":3}},"loc":{"start":{"line":116,"column":2},"end":{"line":130,"column":null}}},"6":{"name":"(anonymous_6)","decl":{"start":{"line":138,"column":2},"end":{"line":138,"column":3}},"loc":{"start":{"line":139,"column":2},"end":{"line":142,"column":null}}}},"branchMap":{"0":{"loc":{"start":{"line":71,"column":26},"end":{"line":71,"column":45}},"type":"default-arg","locations":[{"start":{"line":71,"column":37},"end":{"line":71,"column":45}}]},"1":{"loc":{"start":{"line":77,"column":8},"end":{"line":78,"column":139}},"type":"binary-expr","locations":[{"start":{"line":77,"column":8},"end":{"line":77,"column":29}},{"start":{"line":78,"column":10},"end":{"line":78,"column":139}}]},"2":{"loc":{"start":{"line":88,"column":10},"end":{"line":89,"column":101}},"type":"binary-expr","locations":[{"start":{"line":88,"column":10},"end":{"line":88,"column":31}},{"start":{"line":89,"column":12},"end":{"line":89,"column":101}}]}},"s":{"0":1,"1":1,"2":1,"3":1,"4":1,"5":1,"6":1,"7":1,"8":1,"9":1,"10":1,"11":12,"12":1,"13":1,"14":1,"15":12,"16":1,"17":1,"18":1,"19":12,"20":1,"21":1,"22":1,"23":12,"24":1,"25":1,"26":1,"27":0,"28":1,"29":1,"30":1,"31":36,"32":1,"33":1,"34":1,"35":0,"36":1,"37":1},"f":{"0":12,"1":12,"2":12,"3":12,"4":0,"5":36,"6":0},"b":{"0":[12],"1":[12,12],"2":[12,12]}}
,"/app/src/components/ui/textarea.tsx": {"path":"/app/src/components/ui/textarea.tsx","statementMap":{"0":{"start":{"line":1,"column":0},"end":{"line":1,"column":30}},"1":{"start":{"line":3,"column":0},"end":{"line":3,"column":32}},"2":{"start":{"line":8,"column":17},"end":{"line":20,"column":null}},"3":{"start":{"line":10,"column":4},"end":{"line":19,"column":null}},"4":{"start":{"line":24,"column":9},"end":{"line":24,"column":17}},"5":{"start":{"line":22,"column":0},"end":{"line":22,"column":null}}},"fnMap":{"0":{"name":"(anonymous_0)","decl":{"start":{"line":9,"column":2},"end":{"line":9,"column":3}},"loc":{"start":{"line":9,"column":35},"end":{"line":20,"column":3}}}},"branchMap":{},"s":{"0":1,"1":1,"2":1,"3":22,"4":1,"5":1},"f":{"0":22},"b":{}}
,"/app/src/data/tippingData.ts": {"path":"/app/src/data/tippingData.ts","statementMap":{"0":{"start":{"line":2,"column":0},"end":{"line":2,"column":77}},"1":{"start":{"line":4,"column":13},"end":{"line":101,"column":2}}},"fnMap":{},"branchMap":{},"s":{"0":1,"1":1},"f":{},"b":{}}
,"/app/src/lib/utils.ts": {"path":"/app/src/lib/utils.ts","statementMap":{"0":{"start":{"line":4,"column":0},"end":{"line":4,"column":16}},"1":{"start":{"line":1,"column":0},"end":{"line":1,"column":44}},"2":{"start":{"line":2,"column":0},"end":{"line":2,"column":40}},"3":{"start":{"line":5,"column":2},"end":{"line":5,"column":null}}},"fnMap":{"0":{"name":"cn","decl":{"start":{"line":4,"column":16},"end":{"line":4,"column":18}},"loc":{"start":{"line":4,"column":42},"end":{"line":6,"column":1}}}},"branchMap":{},"s":{"0":2,"1":2,"2":2,"3":481},"f":{"0":481},"b":{}}
,"/app/src/pages/Index.tsx": {"path":"/app/src/pages/Index.tsx","statementMap":{"0":{"start":{"line":2,"column":0},"end":{"line":2,"column":33}},"1":{"start":{"line":4,"column":0},"end":{"line":4,"column":49}},"2":{"start":{"line":5,"column":0},"end":{"line":5,"column":53}},"3":{"start":{"line":6,"column":0},"end":{"line":6,"column":45}},"4":{"start":{"line":7,"column":0},"end":{"line":7,"column":63}},"5":{"start":{"line":8,"column":0},"end":{"line":8,"column":63}},"6":{"start":{"line":9,"column":0},"end":{"line":9,"column":61}},"7":{"start":{"line":10,"column":0},"end":{"line":10,"column":73}},"8":{"start":{"line":11,"column":0},"end":{"line":11,"column":59}},"9":{"start":{"line":13,"column":14},"end":{"line":71,"column":1}},"10":{"start":{"line":14,"column":48},"end":{"line":14,"column":82}},"11":{"start":{"line":15,"column":42},"end":{"line":15,"column":57}},"12":{"start":{"line":16,"column":38},"end":{"line":16,"column":53}},"13":{"start":{"line":18,"column":30},"end":{"line":20,"column":3}},"14":{"start":{"line":19,"column":4},"end":{"line":19,"column":32}},"15":{"start":{"line":22,"column":29},"end":{"line":24,"column":3}},"16":{"start":{"line":23,"column":4},"end":{"line":23,"column":29}},"17":{"start":{"line":26,"column":2},"end":{"line":70,"column":4}},"18":{"start":{"line":49,"column":37},"end":{"line":49,"column":56}},"19":{"start":{"line":67,"column":24},"end":{"line":67,"column":44}},"20":{"start":{"line":73,"column":0},"end":{"line":73,"column":21}}},"fnMap":{"0":{"name":"(anonymous_0)","decl":{"start":{"line":13,"column":14},"end":{"line":13,"column":17}},"loc":{"start":{"line":13,"column":19},"end":{"line":71,"column":1}}},"1":{"name":"(anonymous_1)","decl":{"start":{"line":18,"column":30},"end":{"line":18,"column":31}},"loc":{"start":{"line":18,"column":55},"end":{"line":20,"column":3}}},"2":{"name":"(anonymous_2)","decl":{"start":{"line":22,"column":29},"end":{"line":22,"column":32}},"loc":{"start":{"line":22,"column":34},"end":{"line":24,"column":3}}},"3":{"name":"(anonymous_3)","decl":{"start":{"line":49,"column":31},"end":{"line":49,"column":34}},"loc":{"start":{"line":49,"column":37},"end":{"line":49,"column":56}}},"4":{"name":"(anonymous_4)","decl":{"start":{"line":67,"column":18},"end":{"line":67,"column":21}},"loc":{"start":{"line":67,"column":24},"end":{"line":67,"column":44}}}},"branchMap":{"0":{"loc":{"start":{"line":42,"column":13},"end":{"line":60,"column":null}},"type":"cond-expr","locations":[{"start":{"line":43,"column":14},"end":{"line":50,"column":null}},{"start":{"line":53,"column":14},"end":{"line":59,"column":null}}]}},"s":{"0":1,"1":1,"2":1,"3":1,"4":1,"5":1,"6":1,"7":1,"8":1,"9":1,"10":12,"11":12,"12":12,"13":12,"14":4,"15":12,"16":0,"17":12,"18":2,"19":1,"20":1},"f":{"0":12,"1":4,"2":0,"3":2,"4":1},"b":{"0":[7,5]}}
}
